2024-03-09T03:04:22.300488+00:00 INFO 'ansible_navigator.setup_logger' New ansible-navigator instance, logging initialized
2024-03-09T03:04:22.301582+00:00 INFO 'ansible_navigator.setup_logger' New ansible-runner instance, logging initialized
2024-03-09T03:04:22.301654+00:00 DEBUG 'ansible_navigator.main' Babel==2.14.0 
2024-03-09T03:04:22.301699+00:00 DEBUG 'ansible_navigator.main' GitPython==3.1.42 
2024-03-09T03:04:22.301738+00:00 DEBUG 'ansible_navigator.main' Jinja2==3.1.3 
2024-03-09T03:04:22.301774+00:00 DEBUG 'ansible_navigator.main' MarkupSafe==2.1.5 
2024-03-09T03:04:22.301809+00:00 DEBUG 'ansible_navigator.main' Parsley==1.3 
2024-03-09T03:04:22.301842+00:00 DEBUG 'ansible_navigator.main' PyNaCl==1.5.0 
2024-03-09T03:04:22.301874+00:00 DEBUG 'ansible_navigator.main' PyYAML==6.0.1 
2024-03-09T03:04:22.301906+00:00 DEBUG 'ansible_navigator.main' Pygments==2.17.2 
2024-03-09T03:04:22.301938+00:00 DEBUG 'ansible_navigator.main' Sphinx==7.2.6 
2024-03-09T03:04:22.301969+00:00 DEBUG 'ansible_navigator.main' alabaster==0.7.16 /Users/duchess/Downloads/src/github.com/edwardtheharris/ansible-k8s-ca/.venv/lib/python3.12/site-packages/alabaster/__init__.py
2024-03-09T03:04:22.302003+00:00 DEBUG 'ansible_navigator.main' ansible-builder==3.0.1 
2024-03-09T03:04:22.302034+00:00 DEBUG 'ansible_navigator.main' ansible-compat==4.1.11 
2024-03-09T03:04:22.302066+00:00 DEBUG 'ansible_navigator.main' ansible-core==2.16.4 
2024-03-09T03:04:22.302097+00:00 DEBUG 'ansible_navigator.main' ansible-creator==24.2.0 
2024-03-09T03:04:22.302128+00:00 DEBUG 'ansible_navigator.main' ansible-lint==24.2.0 
2024-03-09T03:04:22.302159+00:00 DEBUG 'ansible_navigator.main' ansible-navigator==24.2.0 
2024-03-09T03:04:22.302191+00:00 DEBUG 'ansible_navigator.main' ansible-runner==2.3.5 
2024-03-09T03:04:22.302222+00:00 DEBUG 'ansible_navigator.main' ansible==9.3.0 /Users/duchess/Downloads/src/github.com/edwardtheharris/ansible-k8s-ca/.venv/lib/python3.12/site-packages/ansible/__init__.py
2024-03-09T03:04:22.302253+00:00 DEBUG 'ansible_navigator.main' async-timeout==4.0.3 
2024-03-09T03:04:22.302283+00:00 DEBUG 'ansible_navigator.main' attrs==23.2.0 /Users/duchess/Downloads/src/github.com/edwardtheharris/ansible-k8s-ca/.venv/lib/python3.12/site-packages/attrs/__init__.py
2024-03-09T03:04:22.302315+00:00 DEBUG 'ansible_navigator.main' bcrypt==4.1.2 /Users/duchess/Downloads/src/github.com/edwardtheharris/ansible-k8s-ca/.venv/lib/python3.12/site-packages/bcrypt/__init__.py
2024-03-09T03:04:22.302345+00:00 DEBUG 'ansible_navigator.main' beautifulsoup4==4.12.3 
2024-03-09T03:04:22.302376+00:00 DEBUG 'ansible_navigator.main' bindep==2.11.0 /Users/duchess/Downloads/src/github.com/edwardtheharris/ansible-k8s-ca/.venv/lib/python3.12/site-packages/bindep/__init__.py
2024-03-09T03:04:22.302406+00:00 DEBUG 'ansible_navigator.main' black==24.2.0 /Users/duchess/Downloads/src/github.com/edwardtheharris/ansible-k8s-ca/.venv/lib/python3.12/site-packages/black/__init__.cpython-312-darwin.so
2024-03-09T03:04:22.302437+00:00 DEBUG 'ansible_navigator.main' bracex==2.4 /Users/duchess/Downloads/src/github.com/edwardtheharris/ansible-k8s-ca/.venv/lib/python3.12/site-packages/bracex/__init__.py
2024-03-09T03:04:22.302470+00:00 DEBUG 'ansible_navigator.main' certifi==2024.2.2 /Users/duchess/Downloads/src/github.com/edwardtheharris/ansible-k8s-ca/.venv/lib/python3.12/site-packages/certifi/__init__.py
2024-03-09T03:04:22.302502+00:00 DEBUG 'ansible_navigator.main' cffi==1.16.0 /Users/duchess/Downloads/src/github.com/edwardtheharris/ansible-k8s-ca/.venv/lib/python3.12/site-packages/cffi/__init__.py
2024-03-09T03:04:22.302533+00:00 DEBUG 'ansible_navigator.main' charset-normalizer==3.3.2 
2024-03-09T03:04:22.302564+00:00 DEBUG 'ansible_navigator.main' click-help-colors==0.9.4 
2024-03-09T03:04:22.302595+00:00 DEBUG 'ansible_navigator.main' click==8.1.7 /Users/duchess/Downloads/src/github.com/edwardtheharris/ansible-k8s-ca/.venv/lib/python3.12/site-packages/click/__init__.py
2024-03-09T03:04:22.302626+00:00 DEBUG 'ansible_navigator.main' colorama==0.4.6 /Users/duchess/Downloads/src/github.com/edwardtheharris/ansible-k8s-ca/.venv/lib/python3.12/site-packages/colorama/__init__.py
2024-03-09T03:04:22.302669+00:00 DEBUG 'ansible_navigator.main' cryptography==42.0.5 /Users/duchess/Downloads/src/github.com/edwardtheharris/ansible-k8s-ca/.venv/lib/python3.12/site-packages/cryptography/__init__.py
2024-03-09T03:04:22.302699+00:00 DEBUG 'ansible_navigator.main' distro==1.9.0 /Users/duchess/Downloads/src/github.com/edwardtheharris/ansible-k8s-ca/.venv/lib/python3.12/site-packages/distro/__init__.py
2024-03-09T03:04:22.302727+00:00 DEBUG 'ansible_navigator.main' docutils==0.20.1 /Users/duchess/Downloads/src/github.com/edwardtheharris/ansible-k8s-ca/.venv/lib/python3.12/site-packages/docutils/__init__.py
2024-03-09T03:04:22.302755+00:00 DEBUG 'ansible_navigator.main' enrich==1.2.7 /Users/duchess/Downloads/src/github.com/edwardtheharris/ansible-k8s-ca/.venv/lib/python3.12/site-packages/enrich/__init__.py
2024-03-09T03:04:22.302783+00:00 DEBUG 'ansible_navigator.main' filelock==3.13.1 /Users/duchess/Downloads/src/github.com/edwardtheharris/ansible-k8s-ca/.venv/lib/python3.12/site-packages/filelock/__init__.py
2024-03-09T03:04:22.302810+00:00 DEBUG 'ansible_navigator.main' gitdb==4.0.11 /Users/duchess/Downloads/src/github.com/edwardtheharris/ansible-k8s-ca/.venv/lib/python3.12/site-packages/gitdb/__init__.py
2024-03-09T03:04:22.302838+00:00 DEBUG 'ansible_navigator.main' idna==3.6 /Users/duchess/Downloads/src/github.com/edwardtheharris/ansible-k8s-ca/.venv/lib/python3.12/site-packages/idna/__init__.py
2024-03-09T03:04:22.302865+00:00 DEBUG 'ansible_navigator.main' imagesize==1.4.1 /Users/duchess/Downloads/src/github.com/edwardtheharris/ansible-k8s-ca/.venv/lib/python3.12/site-packages/imagesize/__init__.py
2024-03-09T03:04:22.302893+00:00 DEBUG 'ansible_navigator.main' jsonschema-specifications==2023.12.1 
2024-03-09T03:04:22.302921+00:00 DEBUG 'ansible_navigator.main' jsonschema==4.21.1 /Users/duchess/Downloads/src/github.com/edwardtheharris/ansible-k8s-ca/.venv/lib/python3.12/site-packages/jsonschema/__init__.py
2024-03-09T03:04:22.302964+00:00 DEBUG 'ansible_navigator.main' linkify-it-py==2.0.3 
2024-03-09T03:04:22.302991+00:00 DEBUG 'ansible_navigator.main' livereload==2.6.3 /Users/duchess/Downloads/src/github.com/edwardtheharris/ansible-k8s-ca/.venv/lib/python3.12/site-packages/livereload/__init__.py
2024-03-09T03:04:22.303017+00:00 DEBUG 'ansible_navigator.main' lockfile==0.12.2 /Users/duchess/Downloads/src/github.com/edwardtheharris/ansible-k8s-ca/.venv/lib/python3.12/site-packages/lockfile/__init__.py
2024-03-09T03:04:22.303044+00:00 DEBUG 'ansible_navigator.main' loguru==0.7.2 /Users/duchess/Downloads/src/github.com/edwardtheharris/ansible-k8s-ca/.venv/lib/python3.12/site-packages/loguru/__init__.py
2024-03-09T03:04:22.303070+00:00 DEBUG 'ansible_navigator.main' markdown-it-py==3.0.0 
2024-03-09T03:04:22.303097+00:00 DEBUG 'ansible_navigator.main' mdit-py-plugins==0.4.0 
2024-03-09T03:04:22.303124+00:00 DEBUG 'ansible_navigator.main' mdurl==0.1.2 /Users/duchess/Downloads/src/github.com/edwardtheharris/ansible-k8s-ca/.venv/lib/python3.12/site-packages/mdurl/__init__.py
2024-03-09T03:04:22.303151+00:00 DEBUG 'ansible_navigator.main' molecule==24.2.0 /Users/duchess/Downloads/src/github.com/edwardtheharris/ansible-k8s-ca/.venv/lib/python3.12/site-packages/molecule/__init__.py
2024-03-09T03:04:22.303177+00:00 DEBUG 'ansible_navigator.main' mypy-extensions==1.0.0 
2024-03-09T03:04:22.303203+00:00 DEBUG 'ansible_navigator.main' myst-parser==2.0.0 
2024-03-09T03:04:22.303230+00:00 DEBUG 'ansible_navigator.main' onigurumacffi==1.3.0 /Users/duchess/Downloads/src/github.com/edwardtheharris/ansible-k8s-ca/.venv/lib/python3.12/site-packages/onigurumacffi.py
2024-03-09T03:04:22.303258+00:00 DEBUG 'ansible_navigator.main' packaging==23.2 /Users/duchess/Downloads/src/github.com/edwardtheharris/ansible-k8s-ca/.venv/lib/python3.12/site-packages/packaging/__init__.py
2024-03-09T03:04:22.303286+00:00 DEBUG 'ansible_navigator.main' paramiko==3.4.0 /Users/duchess/Downloads/src/github.com/edwardtheharris/ansible-k8s-ca/.venv/lib/python3.12/site-packages/paramiko/__init__.py
2024-03-09T03:04:22.303324+00:00 DEBUG 'ansible_navigator.main' pathspec==0.12.1 /Users/duchess/Downloads/src/github.com/edwardtheharris/ansible-k8s-ca/.venv/lib/python3.12/site-packages/pathspec/__init__.py
2024-03-09T03:04:22.303354+00:00 DEBUG 'ansible_navigator.main' pbr==6.0.0 /Users/duchess/Downloads/src/github.com/edwardtheharris/ansible-k8s-ca/.venv/lib/python3.12/site-packages/pbr/__init__.py
2024-03-09T03:04:22.303383+00:00 DEBUG 'ansible_navigator.main' pexpect==4.9.0 /Users/duchess/Downloads/src/github.com/edwardtheharris/ansible-k8s-ca/.venv/lib/python3.12/site-packages/pexpect/__init__.py
2024-03-09T03:04:22.303412+00:00 DEBUG 'ansible_navigator.main' pip==24.0 /Users/duchess/Downloads/src/github.com/edwardtheharris/ansible-k8s-ca/.venv/lib/python3.12/site-packages/pip/__init__.py
2024-03-09T03:04:22.303439+00:00 DEBUG 'ansible_navigator.main' platformdirs==4.2.0 /Users/duchess/Downloads/src/github.com/edwardtheharris/ansible-k8s-ca/.venv/lib/python3.12/site-packages/platformdirs/__init__.py
2024-03-09T03:04:22.303466+00:00 DEBUG 'ansible_navigator.main' pluggy==1.4.0 /Users/duchess/Downloads/src/github.com/edwardtheharris/ansible-k8s-ca/.venv/lib/python3.12/site-packages/pluggy/__init__.py
2024-03-09T03:04:22.303494+00:00 DEBUG 'ansible_navigator.main' ptyprocess==0.7.0 /Users/duchess/Downloads/src/github.com/edwardtheharris/ansible-k8s-ca/.venv/lib/python3.12/site-packages/ptyprocess/__init__.py
2024-03-09T03:04:22.303521+00:00 DEBUG 'ansible_navigator.main' pycparser==2.21 /Users/duchess/Downloads/src/github.com/edwardtheharris/ansible-k8s-ca/.venv/lib/python3.12/site-packages/pycparser/__init__.py
2024-03-09T03:04:22.303549+00:00 DEBUG 'ansible_navigator.main' python-daemon==3.0.1 
2024-03-09T03:04:22.303576+00:00 DEBUG 'ansible_navigator.main' redis==5.0.2 /Users/duchess/Downloads/src/github.com/edwardtheharris/ansible-k8s-ca/.venv/lib/python3.12/site-packages/redis/__init__.py
2024-03-09T03:04:22.303603+00:00 DEBUG 'ansible_navigator.main' referencing==0.33.0 /Users/duchess/Downloads/src/github.com/edwardtheharris/ansible-k8s-ca/.venv/lib/python3.12/site-packages/referencing/__init__.py
2024-03-09T03:04:22.303630+00:00 DEBUG 'ansible_navigator.main' requests==2.31.0 /Users/duchess/Downloads/src/github.com/edwardtheharris/ansible-k8s-ca/.venv/lib/python3.12/site-packages/requests/__init__.py
2024-03-09T03:04:22.303656+00:00 DEBUG 'ansible_navigator.main' requirements-parser==0.5.0 
2024-03-09T03:04:22.303683+00:00 DEBUG 'ansible_navigator.main' resolvelib==1.0.1 /Users/duchess/Downloads/src/github.com/edwardtheharris/ansible-k8s-ca/.venv/lib/python3.12/site-packages/resolvelib/__init__.py
2024-03-09T03:04:22.303710+00:00 DEBUG 'ansible_navigator.main' rich==13.7.1 /Users/duchess/Downloads/src/github.com/edwardtheharris/ansible-k8s-ca/.venv/lib/python3.12/site-packages/rich/__init__.py
2024-03-09T03:04:22.303737+00:00 DEBUG 'ansible_navigator.main' rpds-py==0.18.0 
2024-03-09T03:04:22.303764+00:00 DEBUG 'ansible_navigator.main' ruamel.yaml.clib==0.2.8 
2024-03-09T03:04:22.303790+00:00 DEBUG 'ansible_navigator.main' ruamel.yaml==0.18.6 /Users/duchess/Downloads/src/github.com/edwardtheharris/ansible-k8s-ca/.venv/lib/python3.12/site-packages/ruamel/yaml/__init__.py
2024-03-09T03:04:22.303817+00:00 DEBUG 'ansible_navigator.main' setuptools==69.1.1 /Users/duchess/Downloads/src/github.com/edwardtheharris/ansible-k8s-ca/.venv/lib/python3.12/site-packages/setuptools/__init__.py
2024-03-09T03:04:22.303844+00:00 DEBUG 'ansible_navigator.main' six==1.16.0 /Users/duchess/Downloads/src/github.com/edwardtheharris/ansible-k8s-ca/.venv/lib/python3.12/site-packages/six.py
2024-03-09T03:04:22.303870+00:00 DEBUG 'ansible_navigator.main' smmap==5.0.1 /Users/duchess/Downloads/src/github.com/edwardtheharris/ansible-k8s-ca/.venv/lib/python3.12/site-packages/smmap/__init__.py
2024-03-09T03:04:22.303897+00:00 DEBUG 'ansible_navigator.main' snowballstemmer==2.2.0 /Users/duchess/Downloads/src/github.com/edwardtheharris/ansible-k8s-ca/.venv/lib/python3.12/site-packages/snowballstemmer/__init__.py
2024-03-09T03:04:22.303933+00:00 DEBUG 'ansible_navigator.main' soupsieve==2.5 /Users/duchess/Downloads/src/github.com/edwardtheharris/ansible-k8s-ca/.venv/lib/python3.12/site-packages/soupsieve/__init__.py
2024-03-09T03:04:22.303961+00:00 DEBUG 'ansible_navigator.main' sphinx-autobuild==2024.2.4 
2024-03-09T03:04:22.303988+00:00 DEBUG 'ansible_navigator.main' sphinx-copybutton==0.5.2 
2024-03-09T03:04:22.304016+00:00 DEBUG 'ansible_navigator.main' sphinx-favicon==1.0.1 
2024-03-09T03:04:22.304043+00:00 DEBUG 'ansible_navigator.main' sphinx-nefertiti==0.2.3 
2024-03-09T03:04:22.304069+00:00 DEBUG 'ansible_navigator.main' sphinx-togglebutton==0.3.2 
2024-03-09T03:04:22.304096+00:00 DEBUG 'ansible_navigator.main' sphinx_design==0.5.0 /Users/duchess/Downloads/src/github.com/edwardtheharris/ansible-k8s-ca/.venv/lib/python3.12/site-packages/sphinx_design/__init__.py
2024-03-09T03:04:22.304123+00:00 DEBUG 'ansible_navigator.main' sphinx_pyscript==0.1.0 /Users/duchess/Downloads/src/github.com/edwardtheharris/ansible-k8s-ca/.venv/lib/python3.12/site-packages/sphinx_pyscript.py
2024-03-09T03:04:22.304150+00:00 DEBUG 'ansible_navigator.main' sphinx_tippy==0.4.1 /Users/duchess/Downloads/src/github.com/edwardtheharris/ansible-k8s-ca/.venv/lib/python3.12/site-packages/sphinx_tippy.py
2024-03-09T03:04:22.304177+00:00 DEBUG 'ansible_navigator.main' sphinxcontrib-applehelp==1.0.8 
2024-03-09T03:04:22.304205+00:00 DEBUG 'ansible_navigator.main' sphinxcontrib-autoyaml==1.1.1 
2024-03-09T03:04:22.304231+00:00 DEBUG 'ansible_navigator.main' sphinxcontrib-devhelp==1.0.6 
2024-03-09T03:04:22.304259+00:00 DEBUG 'ansible_navigator.main' sphinxcontrib-htmlhelp==2.0.5 
2024-03-09T03:04:22.304286+00:00 DEBUG 'ansible_navigator.main' sphinxcontrib-jsmath==1.0.1 
2024-03-09T03:04:22.304313+00:00 DEBUG 'ansible_navigator.main' sphinxcontrib-qthelp==1.0.7 
2024-03-09T03:04:22.304339+00:00 DEBUG 'ansible_navigator.main' sphinxcontrib-serializinghtml==1.1.10 
2024-03-09T03:04:22.304366+00:00 DEBUG 'ansible_navigator.main' sphinxemoji==0.3.1 /Users/duchess/Downloads/src/github.com/edwardtheharris/ansible-k8s-ca/.venv/lib/python3.12/site-packages/sphinxemoji/__init__.py
2024-03-09T03:04:22.304393+00:00 DEBUG 'ansible_navigator.main' sphinxext-opengraph==0.9.1 
2024-03-09T03:04:22.304421+00:00 DEBUG 'ansible_navigator.main' sphinxext-rediraffe==0.2.7 
2024-03-09T03:04:22.304448+00:00 DEBUG 'ansible_navigator.main' subprocess-tee==0.4.1 
2024-03-09T03:04:22.304475+00:00 DEBUG 'ansible_navigator.main' tornado==6.4 /Users/duchess/Downloads/src/github.com/edwardtheharris/ansible-k8s-ca/.venv/lib/python3.12/site-packages/tornado/__init__.py
2024-03-09T03:04:22.304502+00:00 DEBUG 'ansible_navigator.main' types-setuptools==69.1.0.20240309 
2024-03-09T03:04:22.304528+00:00 DEBUG 'ansible_navigator.main' tzdata==2024.1 /Users/duchess/Downloads/src/github.com/edwardtheharris/ansible-k8s-ca/.venv/lib/python3.12/site-packages/tzdata/__init__.py
2024-03-09T03:04:22.304555+00:00 DEBUG 'ansible_navigator.main' uc-micro-py==1.0.3 
2024-03-09T03:04:22.304581+00:00 DEBUG 'ansible_navigator.main' urllib3==2.2.1 /Users/duchess/Downloads/src/github.com/edwardtheharris/ansible-k8s-ca/.venv/lib/python3.12/site-packages/urllib3/__init__.py
2024-03-09T03:04:22.304608+00:00 DEBUG 'ansible_navigator.main' wcmatch==8.5.1 /Users/duchess/Downloads/src/github.com/edwardtheharris/ansible-k8s-ca/.venv/lib/python3.12/site-packages/wcmatch/__init__.py
2024-03-09T03:04:22.304634+00:00 DEBUG 'ansible_navigator.main' wheel==0.42.0 /Users/duchess/Downloads/src/github.com/edwardtheharris/ansible-k8s-ca/.venv/lib/python3.12/site-packages/wheel/__init__.py
2024-03-09T03:04:22.304660+00:00 DEBUG 'ansible_navigator.main' yamllint==1.35.1 /Users/duchess/Downloads/src/github.com/edwardtheharris/ansible-k8s-ca/.venv/lib/python3.12/site-packages/yamllint/__init__.py
2024-03-09T03:04:22.304687+00:00 DEBUG 'ansible_navigator.main' Default collection_doc_cache_path set to: /Users/duchess/.cache/ansible-navigator/collection_doc_cache.db
2024-03-09T03:04:22.304714+00:00 DEBUG 'ansible_navigator.main' EDITOR environment variable not set
2024-03-09T03:04:22.304750+00:00 DEBUG 'ansible_navigator.main' Default editor_command set to: vi +{line_number} {filename}
2024-03-09T03:04:22.304777+00:00 DEBUG 'ansible_navigator.main' No config file set by ANSIBLE_NAVIGATOR_CONFIG
2024-03-09T03:04:22.304804+00:00 DEBUG 'ansible_navigator.main' Looking in /Users/duchess
2024-03-09T03:04:22.304831+00:00 DEBUG 'ansible_navigator.main' Looking for '/Users/duchess/.ansible-navigator.yml', '/Users/duchess/.ansible-navigator.yaml' and '/Users/duchess/.ansible-navigator.json'
2024-03-09T03:04:22.304858+00:00 DEBUG 'ansible_navigator.main' Found 0: 
2024-03-09T03:04:22.304884+00:00 DEBUG 'ansible_navigator.main' Looking in /Users/duchess/Downloads/src/github.com/edwardtheharris/ansible-k8s-ca
2024-03-09T03:04:22.304912+00:00 DEBUG 'ansible_navigator.main' Looking for '/Users/duchess/Downloads/src/github.com/edwardtheharris/ansible-k8s-ca/ansible-navigator.yml', '/Users/duchess/Downloads/src/github.com/edwardtheharris/ansible-k8s-ca/ansible-navigator.yaml' and '/Users/duchess/Downloads/src/github.com/edwardtheharris/ansible-k8s-ca/ansible-navigator.json'
2024-03-09T03:04:22.304939+00:00 DEBUG 'ansible_navigator.main' Found 0: 
2024-03-09T03:04:22.304966+00:00 DEBUG 'ansible_navigator.main' All found 0: 
2024-03-09T03:04:22.304993+00:00 DEBUG 'ansible_navigator.main' Using: None
2024-03-09T03:04:22.305019+00:00 DEBUG 'ansible_navigator.main' No valid settings file found, using all default values for settings.
2024-03-09T03:04:22.305046+00:00 DEBUG 'ansible_navigator.main' Command provided: ''
2024-03-09T03:04:22.305073+00:00 DEBUG 'ansible_navigator.main' EE support enabled: using current working directory for 'ansible.cfg'
2024-03-09T03:04:22.305101+00:00 INFO 'ansible_navigator.main' EE support enabled: found 'ansible.cfg' in current working directory.
2024-03-09T03:04:22.305129+00:00 DEBUG 'ansible_navigator.main' Completed post processing for ansible_runner_artifact_dir. (changed=False)
2024-03-09T03:04:22.305156+00:00 DEBUG 'ansible_navigator.main' Completed post processing for ansible_runner_rotate_artifacts_count. (changed=False)
2024-03-09T03:04:22.305184+00:00 DEBUG 'ansible_navigator.main' Completed post processing for ansible_runner_timeout. (changed=False)
2024-03-09T03:04:22.305210+00:00 DEBUG 'ansible_navigator.main' Completed post processing for cmdline. (changed=False)
2024-03-09T03:04:22.305237+00:00 DEBUG 'ansible_navigator.main' Completed post processing for collection_doc_cache_path. (changed=False)
2024-03-09T03:04:22.305264+00:00 DEBUG 'ansible_navigator.main' Completed post processing for container_engine. (changed=False)
2024-03-09T03:04:22.305291+00:00 DEBUG 'ansible_navigator.main' Completed post processing for container_options. (changed=False)
2024-03-09T03:04:22.305317+00:00 DEBUG 'ansible_navigator.main' Completed post processing for display_color. (changed=False)
2024-03-09T03:04:22.305344+00:00 DEBUG 'ansible_navigator.main' Completed post processing for enable_prompts. (changed=False)
2024-03-09T03:04:22.305370+00:00 DEBUG 'ansible_navigator.main' Completed post processing for execution_environment. (changed=False)
2024-03-09T03:04:22.305397+00:00 DEBUG 'ansible_navigator.main' Completed post processing for execution_environment_image. (changed=False)
2024-03-09T03:04:22.305424+00:00 DEBUG 'ansible_navigator.main' Completed post processing for help_builder. (changed=False)
2024-03-09T03:04:22.305469+00:00 DEBUG 'ansible_navigator.main' Completed post processing for help_config. (changed=False)
2024-03-09T03:04:22.305497+00:00 DEBUG 'ansible_navigator.main' Completed post processing for help_doc. (changed=False)
2024-03-09T03:04:22.305524+00:00 DEBUG 'ansible_navigator.main' Completed post processing for help_inventory. (changed=False)
2024-03-09T03:04:22.305551+00:00 DEBUG 'ansible_navigator.main' Completed post processing for help_playbook. (changed=False)
2024-03-09T03:04:22.305578+00:00 DEBUG 'ansible_navigator.main' Completed post processing for images_details. (changed=False)
2024-03-09T03:04:22.305605+00:00 DEBUG 'ansible_navigator.main' Completed post processing for inventory. (changed=True)
2024-03-09T03:04:22.305642+00:00 DEBUG 'ansible_navigator.main'  before: 'Not set'
2024-03-09T03:04:22.305670+00:00 DEBUG 'ansible_navigator.main'  after: '['/etc/ansible/hosts.yaml']'
2024-03-09T03:04:22.305697+00:00 DEBUG 'ansible_navigator.main' Completed post processing for inventory_column. (changed=False)
2024-03-09T03:04:22.305725+00:00 DEBUG 'ansible_navigator.main' Completed post processing for log_file. (changed=False)
2024-03-09T03:04:22.305752+00:00 DEBUG 'ansible_navigator.main' Completed post processing for pass_environment_variable. (changed=False)
2024-03-09T03:04:22.305796+00:00 DEBUG 'ansible_navigator.main' Completed post processing for playbook. (changed=False)
2024-03-09T03:04:22.305823+00:00 DEBUG 'ansible_navigator.main' Completed post processing for playbook_artifact_replay. (changed=False)
2024-03-09T03:04:22.305849+00:00 DEBUG 'ansible_navigator.main' Completed post processing for playbook_artifact_save_as. (changed=False)
2024-03-09T03:04:22.305876+00:00 DEBUG 'ansible_navigator.main' Completed post processing for plugin_name. (changed=False)
2024-03-09T03:04:22.305903+00:00 DEBUG 'ansible_navigator.main' Completed post processing for pull_arguments. (changed=False)
2024-03-09T03:04:22.305929+00:00 DEBUG 'ansible_navigator.main' Completed post processing for set_environment_variable. (changed=False)
2024-03-09T03:04:22.305955+00:00 DEBUG 'ansible_navigator.main' Completed post processing for settings_effective. (changed=False)
2024-03-09T03:04:22.305981+00:00 DEBUG 'ansible_navigator.main' Completed post processing for settings_sample. (changed=False)
2024-03-09T03:04:22.306008+00:00 DEBUG 'ansible_navigator.main' Completed post processing for settings_schema. (changed=False)
2024-03-09T03:04:22.306033+00:00 DEBUG 'ansible_navigator.main' Completed post processing for settings_sources. (changed=False)
2024-03-09T03:04:22.306059+00:00 DEBUG 'ansible_navigator.main' Completed post processing for time_zone. (changed=False)
2024-03-09T03:04:22.306085+00:00 DEBUG 'ansible_navigator.main' Completed post processing for execution_environment_volume_mounts. (changed=False)
2024-03-09T03:04:22.306111+00:00 DEBUG 'ansible_navigator.main' Completed post processing for mode. (changed=False)
2024-03-09T03:04:22.306138+00:00 DEBUG 'ansible_navigator.main' Completed post processing for playbook_artifact_enable. (changed=False)
2024-03-09T03:04:22.306168+00:00 WARNING 'ansible_navigator.main' Configuration errors encountered, rolling back to previous configuration.
2024-03-09T03:04:22.306195+00:00 DEBUG 'ansible_navigator.main' Prior to rollback: ansible_runner_artifact_dir = 'Not set' (Constants/Not set)
2024-03-09T03:04:22.306221+00:00 DEBUG 'ansible_navigator.main' Prior to rollback: ansible_runner_rotate_artifacts_count = 'Not set' (Constants/Not set)
2024-03-09T03:04:22.306248+00:00 DEBUG 'ansible_navigator.main' Prior to rollback: ansible_runner_timeout = 'Not set' (Constants/Not set)
2024-03-09T03:04:22.306274+00:00 DEBUG 'ansible_navigator.main' Prior to rollback: ansible_runner_write_job_events = 'False' (bool/Defaults)
2024-03-09T03:04:22.306300+00:00 DEBUG 'ansible_navigator.main' Prior to rollback: app = 'welcome' (str/Defaults)
2024-03-09T03:04:22.306327+00:00 DEBUG 'ansible_navigator.main' Prior to rollback: cmdline = 'Not set' (Constants/Not set)
2024-03-09T03:04:22.306353+00:00 DEBUG 'ansible_navigator.main' Prior to rollback: collection_doc_cache_path = '/Users/duchess/.cache/ansible-navigator/collection_doc_cache.db' (str/Defaults)
2024-03-09T03:04:22.306380+00:00 DEBUG 'ansible_navigator.main' Prior to rollback: config = 'Not set' (Constants/Not set)
2024-03-09T03:04:22.306406+00:00 DEBUG 'ansible_navigator.main' Prior to rollback: container_engine = 'auto' (str/Defaults)
2024-03-09T03:04:22.306433+00:00 DEBUG 'ansible_navigator.main' Prior to rollback: container_options = 'Not set' (Constants/Not set)
2024-03-09T03:04:22.306459+00:00 DEBUG 'ansible_navigator.main' Prior to rollback: display_color = 'True' (bool/Defaults)
2024-03-09T03:04:22.306496+00:00 DEBUG 'ansible_navigator.main' Prior to rollback: editor_command = 'vi +{line_number} {filename}' (str/Defaults)
2024-03-09T03:04:22.306523+00:00 DEBUG 'ansible_navigator.main' Prior to rollback: editor_console = 'True' (bool/Defaults)
2024-03-09T03:04:22.306550+00:00 DEBUG 'ansible_navigator.main' Prior to rollback: enable_prompts = 'False' (bool/Defaults)
2024-03-09T03:04:22.306576+00:00 DEBUG 'ansible_navigator.main' Prior to rollback: exec_command = '/bin/bash' (str/Defaults)
2024-03-09T03:04:22.306604+00:00 DEBUG 'ansible_navigator.main' Prior to rollback: exec_shell = 'True' (bool/Defaults)
2024-03-09T03:04:22.306630+00:00 DEBUG 'ansible_navigator.main' Prior to rollback: execution_environment = 'True' (bool/Defaults)
2024-03-09T03:04:22.306657+00:00 DEBUG 'ansible_navigator.main' Prior to rollback: execution_environment_image = 'ghcr.io/ansible/creator-ee:v0.22.0' (str/Defaults)
2024-03-09T03:04:22.306684+00:00 DEBUG 'ansible_navigator.main' Prior to rollback: execution_environment_volume_mounts = 'Not set' (Constants/Not set)
2024-03-09T03:04:22.306711+00:00 DEBUG 'ansible_navigator.main' Prior to rollback: format = 'yaml' (str/Defaults)
2024-03-09T03:04:22.306737+00:00 DEBUG 'ansible_navigator.main' Prior to rollback: help_builder = 'False' (bool/Defaults)
2024-03-09T03:04:22.306763+00:00 DEBUG 'ansible_navigator.main' Prior to rollback: help_config = 'False' (bool/Defaults)
2024-03-09T03:04:22.306790+00:00 DEBUG 'ansible_navigator.main' Prior to rollback: help_doc = 'False' (bool/Defaults)
2024-03-09T03:04:22.306816+00:00 DEBUG 'ansible_navigator.main' Prior to rollback: help_inventory = 'False' (bool/Defaults)
2024-03-09T03:04:22.306842+00:00 DEBUG 'ansible_navigator.main' Prior to rollback: help_playbook = 'False' (bool/Defaults)
2024-03-09T03:04:22.306869+00:00 DEBUG 'ansible_navigator.main' Prior to rollback: images_details = '['everything']' (list/Defaults)
2024-03-09T03:04:22.306895+00:00 DEBUG 'ansible_navigator.main' Prior to rollback: inventory = '['/etc/ansible/hosts.yaml']' (list/Ansible configuration file)
2024-03-09T03:04:22.306922+00:00 DEBUG 'ansible_navigator.main' Prior to rollback: inventory_column = 'Not set' (Constants/Not set)
2024-03-09T03:04:22.306949+00:00 DEBUG 'ansible_navigator.main' Prior to rollback: lint_config = 'Not set' (Constants/Not set)
2024-03-09T03:04:22.306975+00:00 DEBUG 'ansible_navigator.main' Prior to rollback: lintables = 'Not set' (Constants/Not set)
2024-03-09T03:04:22.307002+00:00 DEBUG 'ansible_navigator.main' Prior to rollback: log_append = 'True' (bool/Defaults)
2024-03-09T03:04:22.307028+00:00 DEBUG 'ansible_navigator.main' Prior to rollback: log_file = '/Users/duchess/Downloads/src/github.com/edwardtheharris/ansible-k8s-ca/ansible-navigator.log' (str/Defaults)
2024-03-09T03:04:22.307055+00:00 DEBUG 'ansible_navigator.main' Prior to rollback: log_level = 'warning' (str/Defaults)
2024-03-09T03:04:22.307082+00:00 DEBUG 'ansible_navigator.main' Prior to rollback: mode = 'interactive' (str/Defaults)
2024-03-09T03:04:22.307108+00:00 DEBUG 'ansible_navigator.main' Prior to rollback: osc4 = 'True' (bool/Defaults)
2024-03-09T03:04:22.307134+00:00 DEBUG 'ansible_navigator.main' Prior to rollback: pass_environment_variable = 'Not set' (Constants/Not set)
2024-03-09T03:04:22.307161+00:00 DEBUG 'ansible_navigator.main' Prior to rollback: playbook = 'Not set' (Constants/Not set)
2024-03-09T03:04:22.307188+00:00 DEBUG 'ansible_navigator.main' Prior to rollback: playbook_artifact_enable = 'True' (bool/Defaults)
2024-03-09T03:04:22.307214+00:00 DEBUG 'ansible_navigator.main' Prior to rollback: playbook_artifact_replay = 'Not set' (Constants/Not set)
2024-03-09T03:04:22.307241+00:00 DEBUG 'ansible_navigator.main' Prior to rollback: playbook_artifact_save_as = '{playbook_dir}/{playbook_name}-artifact-{time_stamp}.json' (str/Defaults)
2024-03-09T03:04:22.307267+00:00 DEBUG 'ansible_navigator.main' Prior to rollback: plugin_name = 'Not set' (Constants/Not set)
2024-03-09T03:04:22.307294+00:00 DEBUG 'ansible_navigator.main' Prior to rollback: plugin_type = 'module' (str/Defaults)
2024-03-09T03:04:22.307329+00:00 DEBUG 'ansible_navigator.main' Prior to rollback: pull_arguments = 'Not set' (Constants/Not set)
2024-03-09T03:04:22.307357+00:00 DEBUG 'ansible_navigator.main' Prior to rollback: pull_policy = 'tag' (str/Defaults)
2024-03-09T03:04:22.307384+00:00 DEBUG 'ansible_navigator.main' Prior to rollback: set_environment_variable = 'Not set' (Constants/Not set)
2024-03-09T03:04:22.307410+00:00 DEBUG 'ansible_navigator.main' Prior to rollback: settings_effective = 'False' (bool/Defaults)
2024-03-09T03:04:22.307436+00:00 DEBUG 'ansible_navigator.main' Prior to rollback: settings_sample = 'False' (bool/Defaults)
2024-03-09T03:04:22.307463+00:00 DEBUG 'ansible_navigator.main' Prior to rollback: settings_schema = 'json' (str/Defaults)
2024-03-09T03:04:22.307489+00:00 DEBUG 'ansible_navigator.main' Prior to rollback: settings_sources = 'False' (bool/Defaults)
2024-03-09T03:04:22.307515+00:00 DEBUG 'ansible_navigator.main' Prior to rollback: time_zone = 'UTC' (str/Defaults)
2024-03-09T03:04:22.307541+00:00 DEBUG 'ansible_navigator.main' Prior to rollback: workdir = '/Users/duchess/Downloads/src/github.com/edwardtheharris/ansible-k8s-ca' (str/Defaults)
2024-03-09T03:04:22.307568+00:00 DEBUG 'ansible_navigator.main' After rollback: ansible_runner_artifact_dir = 'Not set' (Constants/Not set)
2024-03-09T03:04:22.307595+00:00 DEBUG 'ansible_navigator.main' After rollback: ansible_runner_rotate_artifacts_count = 'Not set' (Constants/Not set)
2024-03-09T03:04:22.307622+00:00 DEBUG 'ansible_navigator.main' After rollback: ansible_runner_timeout = 'Not set' (Constants/Not set)
2024-03-09T03:04:22.307649+00:00 DEBUG 'ansible_navigator.main' After rollback: ansible_runner_write_job_events = 'Not set' (Constants/Not set)
2024-03-09T03:04:22.307675+00:00 DEBUG 'ansible_navigator.main' After rollback: app = 'Not set' (Constants/Not set)
2024-03-09T03:04:22.307701+00:00 DEBUG 'ansible_navigator.main' After rollback: cmdline = 'Not set' (Constants/Not set)
2024-03-09T03:04:22.307728+00:00 DEBUG 'ansible_navigator.main' After rollback: collection_doc_cache_path = 'Not set' (Constants/Not set)
2024-03-09T03:04:22.307754+00:00 DEBUG 'ansible_navigator.main' After rollback: config = 'Not set' (Constants/Not set)
2024-03-09T03:04:22.307781+00:00 DEBUG 'ansible_navigator.main' After rollback: container_engine = 'Not set' (Constants/Not set)
2024-03-09T03:04:22.307807+00:00 DEBUG 'ansible_navigator.main' After rollback: container_options = 'Not set' (Constants/Not set)
2024-03-09T03:04:22.307834+00:00 DEBUG 'ansible_navigator.main' After rollback: display_color = 'Not set' (Constants/Not set)
2024-03-09T03:04:22.307860+00:00 DEBUG 'ansible_navigator.main' After rollback: editor_command = 'Not set' (Constants/Not set)
2024-03-09T03:04:22.307887+00:00 DEBUG 'ansible_navigator.main' After rollback: editor_console = 'Not set' (Constants/Not set)
2024-03-09T03:04:22.307913+00:00 DEBUG 'ansible_navigator.main' After rollback: enable_prompts = 'Not set' (Constants/Not set)
2024-03-09T03:04:22.307939+00:00 DEBUG 'ansible_navigator.main' After rollback: exec_command = 'Not set' (Constants/Not set)
2024-03-09T03:04:22.307966+00:00 DEBUG 'ansible_navigator.main' After rollback: exec_shell = 'Not set' (Constants/Not set)
2024-03-09T03:04:22.307992+00:00 DEBUG 'ansible_navigator.main' After rollback: execution_environment = 'Not set' (Constants/Not set)
2024-03-09T03:04:22.308019+00:00 DEBUG 'ansible_navigator.main' After rollback: execution_environment_image = 'Not set' (Constants/Not set)
2024-03-09T03:04:22.308045+00:00 DEBUG 'ansible_navigator.main' After rollback: execution_environment_volume_mounts = 'Not set' (Constants/Not set)
2024-03-09T03:04:22.308072+00:00 DEBUG 'ansible_navigator.main' After rollback: format = 'Not set' (Constants/Not set)
2024-03-09T03:04:22.308098+00:00 DEBUG 'ansible_navigator.main' After rollback: help_builder = 'Not set' (Constants/Not set)
2024-03-09T03:04:22.308125+00:00 DEBUG 'ansible_navigator.main' After rollback: help_config = 'Not set' (Constants/Not set)
2024-03-09T03:04:22.308161+00:00 DEBUG 'ansible_navigator.main' After rollback: help_doc = 'Not set' (Constants/Not set)
2024-03-09T03:04:22.308189+00:00 DEBUG 'ansible_navigator.main' After rollback: help_inventory = 'Not set' (Constants/Not set)
2024-03-09T03:04:22.308215+00:00 DEBUG 'ansible_navigator.main' After rollback: help_playbook = 'Not set' (Constants/Not set)
2024-03-09T03:04:22.308242+00:00 DEBUG 'ansible_navigator.main' After rollback: images_details = 'Not set' (Constants/Not set)
2024-03-09T03:04:22.308268+00:00 DEBUG 'ansible_navigator.main' After rollback: inventory = 'Not set' (Constants/Not set)
2024-03-09T03:04:22.308294+00:00 DEBUG 'ansible_navigator.main' After rollback: inventory_column = 'Not set' (Constants/Not set)
2024-03-09T03:04:22.308320+00:00 DEBUG 'ansible_navigator.main' After rollback: lint_config = 'Not set' (Constants/Not set)
2024-03-09T03:04:22.308346+00:00 DEBUG 'ansible_navigator.main' After rollback: lintables = 'Not set' (Constants/Not set)
2024-03-09T03:04:22.308373+00:00 DEBUG 'ansible_navigator.main' After rollback: log_append = 'Not set' (Constants/Not set)
2024-03-09T03:04:22.308399+00:00 DEBUG 'ansible_navigator.main' After rollback: log_file = 'Not set' (Constants/Not set)
2024-03-09T03:04:22.308425+00:00 DEBUG 'ansible_navigator.main' After rollback: log_level = 'Not set' (Constants/Not set)
2024-03-09T03:04:22.308452+00:00 DEBUG 'ansible_navigator.main' After rollback: mode = 'Not set' (Constants/Not set)
2024-03-09T03:04:22.308478+00:00 DEBUG 'ansible_navigator.main' After rollback: osc4 = 'Not set' (Constants/Not set)
2024-03-09T03:04:22.308505+00:00 DEBUG 'ansible_navigator.main' After rollback: pass_environment_variable = 'Not set' (Constants/Not set)
2024-03-09T03:04:22.308532+00:00 DEBUG 'ansible_navigator.main' After rollback: playbook = 'Not set' (Constants/Not set)
2024-03-09T03:04:22.308560+00:00 DEBUG 'ansible_navigator.main' After rollback: playbook_artifact_enable = 'Not set' (Constants/Not set)
2024-03-09T03:04:22.308587+00:00 DEBUG 'ansible_navigator.main' After rollback: playbook_artifact_replay = 'Not set' (Constants/Not set)
2024-03-09T03:04:22.308614+00:00 DEBUG 'ansible_navigator.main' After rollback: playbook_artifact_save_as = 'Not set' (Constants/Not set)
2024-03-09T03:04:22.308640+00:00 DEBUG 'ansible_navigator.main' After rollback: plugin_name = 'Not set' (Constants/Not set)
2024-03-09T03:04:22.308667+00:00 DEBUG 'ansible_navigator.main' After rollback: plugin_type = 'Not set' (Constants/Not set)
2024-03-09T03:04:22.308694+00:00 DEBUG 'ansible_navigator.main' After rollback: pull_arguments = 'Not set' (Constants/Not set)
2024-03-09T03:04:22.308720+00:00 DEBUG 'ansible_navigator.main' After rollback: pull_policy = 'Not set' (Constants/Not set)
2024-03-09T03:04:22.308747+00:00 DEBUG 'ansible_navigator.main' After rollback: set_environment_variable = 'Not set' (Constants/Not set)
2024-03-09T03:04:22.308773+00:00 DEBUG 'ansible_navigator.main' After rollback: settings_effective = 'Not set' (Constants/Not set)
2024-03-09T03:04:22.308800+00:00 DEBUG 'ansible_navigator.main' After rollback: settings_sample = 'Not set' (Constants/Not set)
2024-03-09T03:04:22.308826+00:00 DEBUG 'ansible_navigator.main' After rollback: settings_schema = 'Not set' (Constants/Not set)
2024-03-09T03:04:22.308853+00:00 DEBUG 'ansible_navigator.main' After rollback: settings_sources = 'Not set' (Constants/Not set)
2024-03-09T03:04:22.308879+00:00 DEBUG 'ansible_navigator.main' After rollback: time_zone = 'Not set' (Constants/Not set)
2024-03-09T03:04:22.308906+00:00 DEBUG 'ansible_navigator.main' After rollback: workdir = 'Not set' (Constants/Not set)
2024-03-09T03:04:22.308933+00:00 DEBUG 'ansible_navigator.main' Configuration rollback complete.
2024-03-09T03:04:22.308960+00:00 DEBUG 'ansible_navigator.main' Collection doc cache not mounted
2024-03-09T03:04:22.308996+00:00 WARNING 'ansible_navigator.main' Issues were found while applying the settings.
2024-03-09T03:04:22.309028+00:00 INFO 'ansible_navigator.main' Command provided: ''
2024-03-09T03:04:22.309062+00:00 ERROR 'ansible_navigator.main' No container engine could be found: 'auto', set by 'Defaults'
2024-03-09T03:04:22.309102+00:00 INFO 'ansible_navigator.main' Try installing 'podman' or 'docker'
2024-03-09T03:04:22.309133+00:00 INFO 'ansible_navigator.main' Configuration failed, using default log file location. (/Users/duchess/Downloads/src/github.com/edwardtheharris/ansible-k8s-ca/ansible-navigator.log) Log level set to debug
2024-03-09T03:04:22.309164+00:00 INFO 'ansible_navigator.main' Review the hints and log file to see what went wrong.
